<?xml version="1.0" encoding="UTF-8"?><testsuite errors="0" failures="1" name="Tienda de Mascotas" skipped="0" tests="2" time="3.79" timestamp="2024-05-13 06:33:19"><testcase name="Consulta de mascotas"><failure message="expected:&lt;[doggie]&gt; but was:&lt;[3]&gt;" type="java.lang.AssertionError">expected:&lt;[doggie]&gt; but was:&lt;[3]&gt;</failure><system-err>expected:&lt;[doggie]&gt; but was:&lt;[3]&gt;&#13;
com.nttdata.step.TiendaMascota.validarNombreMascota(TiendaMascota.java:37)&#13;
com.nttdata.glue.TiendaMascotaStepDefination.validoElNombreDeLaMascotaSea(TiendaMascotaStepDefination.java:32)&#13;
io.cucumber.java.Invoker.doInvoke(Invoker.java:66)&#13;
io.cucumber.java.Invoker.invoke(Invoker.java:24)&#13;
io.cucumber.java.AbstractGlueDefinition.invokeMethod(AbstractGlueDefinition.java:47)&#13;
io.cucumber.java.JavaStepDefinition.execute(JavaStepDefinition.java:29)&#13;
io.cucumber.core.runner.CoreStepDefinition.execute(CoreStepDefinition.java:66)&#13;
io.cucumber.core.runner.PickleStepDefinitionMatch.runStep(PickleStepDefinitionMatch.java:63)&#13;
io.cucumber.core.runner.TestStep.executeStep(TestStep.java:92)&#13;
io.cucumber.core.runner.TestStep.run(TestStep.java:64)&#13;
io.cucumber.core.runner.PickleStepTestStep.run(PickleStepTestStep.java:51)&#13;
io.cucumber.core.runner.TestCase.run(TestCase.java:104)&#13;
io.cucumber.core.runner.Runner.runPickle(Runner.java:73)&#13;
io.cucumber.junit.FeatureRunner.runChild(FeatureRunner.java:135)&#13;
io.cucumber.junit.FeatureRunner.runChild(FeatureRunner.java:27)&#13;
io.cucumber.junit.CucumberSerenityRunner.runChild(CucumberSerenityRunner.java:258)&#13;
io.cucumber.junit.CucumberSerenityRunner.runChild(CucumberSerenityRunner.java:57)&#13;
</system-err></testcase></testsuite>